2022.02.05 17:24:55 INFO  tracing is disabled for protocol LSP, to enable tracing of incoming and outgoing JSON messages create an empty file at /Users/liuyuxi/Desktop/CS516/hw2/spring22/hw2_code/.metals/lsp.trace.json or /Users/liuyuxi/Library/Caches/org.scalameta.metals/lsp.trace.json
2022.02.05 17:24:56 INFO  logging to file /Users/liuyuxi/Desktop/CS516/hw2/spring22/hw2_code/.metals/metals.log
2022.02.05 17:24:56 INFO  Started: Metals version 0.11.1 in workspace '/Users/liuyuxi/Desktop/CS516/hw2/spring22/hw2_code' for client Visual Studio Code 1.63.2.
2022.02.05 17:24:56 INFO  Parse release: 17.0.2
2022.02.05 17:25:02 INFO  time: initialize in 5.55s
2022.02.05 17:25:03 WARN  Build server is not auto-connectable.
2022.02.05 17:25:04 WARN  no build target for: /Users/liuyuxi/Desktop/CS516/hw2/spring22/hw2_code/src/main/scala/PageRank.scala
2022.02.05 17:25:15 INFO  no build target found for /Users/liuyuxi/Desktop/CS516/hw2/spring22/hw2_code/src/main/scala/PageRank.scala. Using presentation compiler with project's scala-library version: 3.1.0
2022.02.05 17:25:20 INFO  time: code lens generation in 15s
2月 06, 2022 3:40:22 下午 org.eclipse.lsp4j.jsonrpc.services.GenericEndpoint notify
信息: Unsupported notification method: $/setTrace
2月 06, 2022 3:40:23 下午 org.eclipse.lsp4j.jsonrpc.services.GenericEndpoint notify
信息: Unsupported notification method: $/setTrace
2月 06, 2022 3:40:23 下午 org.eclipse.lsp4j.jsonrpc.services.GenericEndpoint notify
信息: Unsupported notification method: $/setTrace
2月 06, 2022 3:40:23 下午 org.eclipse.lsp4j.jsonrpc.services.GenericEndpoint notify
信息: Unsupported notification method: $/setTrace
2月 06, 2022 3:40:23 下午 org.eclipse.lsp4j.jsonrpc.services.GenericEndpoint notify
信息: Unsupported notification method: $/setTrace
2月 06, 2022 3:40:23 下午 org.eclipse.lsp4j.jsonrpc.services.GenericEndpoint notify
信息: Unsupported notification method: $/setTrace
2月 06, 2022 3:40:23 下午 org.eclipse.lsp4j.jsonrpc.services.GenericEndpoint notify
信息: Unsupported notification method: $/setTrace
2月 06, 2022 3:40:23 下午 org.eclipse.lsp4j.jsonrpc.services.GenericEndpoint notify
信息: Unsupported notification method: $/setTrace
2月 06, 2022 3:40:23 下午 org.eclipse.lsp4j.jsonrpc.services.GenericEndpoint notify
信息: Unsupported notification method: $/setTrace
2月 06, 2022 3:40:25 下午 org.eclipse.lsp4j.jsonrpc.services.GenericEndpoint notify
信息: Unsupported notification method: $/setTrace
2月 06, 2022 3:40:35 下午 org.eclipse.lsp4j.jsonrpc.services.GenericEndpoint notify
信息: Unsupported notification method: $/setTrace
2022.02.06 15:44:56 INFO  shutting down Metals
2022.02.06 15:44:57 ERROR Unexpected error initializing server
org.eclipse.lsp4j.jsonrpc.ResponseErrorException: Request window/showMessageRequest failed with message: Canceled
	at org.eclipse.lsp4j.jsonrpc.RemoteEndpoint.handleResponse(RemoteEndpoint.java:209)
	at org.eclipse.lsp4j.jsonrpc.RemoteEndpoint.consume(RemoteEndpoint.java:193)
	at org.eclipse.lsp4j.jsonrpc.json.StreamMessageProducer.handleMessage(StreamMessageProducer.java:194)
	at org.eclipse.lsp4j.jsonrpc.json.StreamMessageProducer.listen(StreamMessageProducer.java:94)
	at org.eclipse.lsp4j.jsonrpc.json.ConcurrentMessageProcessor.run(ConcurrentMessageProcessor.java:113)
	at java.util.concurrent.Executors$RunnableAdapter.call(Executors.java:539)
	at java.util.concurrent.FutureTask.run(FutureTask.java:264)
	at java.util.concurrent.ThreadPoolExecutor.runWorker(ThreadPoolExecutor.java:1136)
	at java.util.concurrent.ThreadPoolExecutor$Worker.run(ThreadPoolExecutor.java:635)
	at java.lang.Thread.run(Thread.java:833)

